Copyright 1986-2019 Xilinx, Inc. All Rights Reserved.
----------------------------------------------------------------------------------------
| Tool Version     : Vivado v.2019.2 (lin64) Build 2708876 Wed Nov  6 21:39:14 MST 2019
| Date             : Fri Dec 11 15:26:27 2020
| Host             : esteban running 64-bit Ubuntu 18.04.5 LTS
| Command          : report_power -file nexys4ddr_power.rpt
| Design           : nexys4ddr
| Device           : xc7a100tcsg324-1
| Design State     : routed
| Grade            : commercial
| Process          : typical
| Characterization : Production
----------------------------------------------------------------------------------------

Power Report

Table of Contents
-----------------
1. Summary
1.1 On-Chip Components
1.2 Power Supply Summary
1.3 Confidence Level
2. Settings
2.1 Environment
2.2 Clock Constraints
3. Detailed Reports
3.1 By Hierarchy

1. Summary
----------

+--------------------------+----------------------------------+
| Total On-Chip Power (W)  | 65.521 (Junction temp exceeded!) |
| Design Power Budget (W)  | Unspecified*                     |
| Power Budget Margin (W)  | NA                               |
| Dynamic (W)              | 64.708                           |
| Device Static (W)        | 0.813                            |
| Effective TJA (C/W)      | 4.6                              |
| Max Ambient (C)          | 0.0                              |
| Junction Temperature (C) | 125.0                            |
| Confidence Level         | Low                              |
| Setting File             | ---                              |
| Simulation Activity File | ---                              |
| Design Nets Matched      | NA                               |
+--------------------------+----------------------------------+
* Specify Design Power Budget using, set_operating_conditions -design_power_budget <value in Watts>


1.1 On-Chip Components
----------------------

+--------------------------+-----------+----------+-----------+-----------------+
| On-Chip                  | Power (W) | Used     | Available | Utilization (%) |
+--------------------------+-----------+----------+-----------+-----------------+
| Slice Logic              |     7.643 |     6615 |       --- |             --- |
|   LUT as Logic           |     6.206 |     2975 |     63400 |            4.69 |
|   CARRY4                 |     0.769 |      331 |     15850 |            2.09 |
|   Register               |     0.358 |     2514 |    126800 |            1.98 |
|   LUT as Distributed RAM |     0.276 |      104 |     19000 |            0.55 |
|   BUFG                   |     0.035 |        6 |        32 |           18.75 |
|   F7/F8 Muxes            |    <0.001 |       16 |     63400 |            0.03 |
|   Others                 |     0.000 |       19 |       --- |             --- |
| Signals                  |     9.117 |     4947 |       --- |             --- |
| Block RAM                |     3.563 |       26 |       135 |           19.26 |
| MMCM                     |     4.371 |        1 |         6 |           16.67 |
| DSPs                     |     0.307 |        1 |       240 |            0.42 |
| I/O                      |    39.708 |       74 |       210 |           35.24 |
| Static Power             |     0.813 |          |           |                 |
| Total                    |    65.521 |          |           |                 |
+--------------------------+-----------+----------+-----------+-----------------+


1.2 Power Supply Summary
------------------------

+-----------+-------------+-----------+-------------+------------+
| Source    | Voltage (V) | Total (A) | Dynamic (A) | Static (A) |
+-----------+-------------+-----------+-------------+------------+
| Vccint    |       1.000 |    21.031 |      20.460 |      0.570 |
| Vccaux    |       1.800 |     3.951 |       3.858 |      0.093 |
| Vcco33    |       3.300 |    11.216 |      11.212 |      0.004 |
| Vcco25    |       2.500 |     0.000 |       0.000 |      0.000 |
| Vcco18    |       1.800 |     0.000 |       0.000 |      0.000 |
| Vcco15    |       1.500 |     0.000 |       0.000 |      0.000 |
| Vcco135   |       1.350 |     0.000 |       0.000 |      0.000 |
| Vcco12    |       1.200 |     0.000 |       0.000 |      0.000 |
| Vccaux_io |       1.800 |     0.000 |       0.000 |      0.000 |
| Vccbram   |       1.000 |     0.330 |       0.304 |      0.026 |
| MGTAVcc   |       1.000 |     0.000 |       0.000 |      0.000 |
| MGTAVtt   |       1.200 |     0.000 |       0.000 |      0.000 |
| Vccadc    |       1.800 |     0.020 |       0.000 |      0.020 |
+-----------+-------------+-----------+-------------+------------+


1.3 Confidence Level
--------------------

+-----------------------------+------------+--------------------------------------------------------+--------------------------------------------------------------------------------------------------------------------+
| User Input Data             | Confidence | Details                                                | Action                                                                                                             |
+-----------------------------+------------+--------------------------------------------------------+--------------------------------------------------------------------------------------------------------------------+
| Design implementation state | High       | Design is routed                                       |                                                                                                                    |
| Clock nodes activity        | Low        | User specified less than 75% of clocks                 | Provide missing clock activity with a constraint file, simulation results or by editing the "By Clock Domain" view |
| I/O nodes activity          | Low        | More than 75% of inputs are missing user specification | Provide missing input activity with simulation results or by editing the "By Resource Type -> I/Os" view           |
| Internal nodes activity     | Medium     | User specified less than 25% of internal nodes         | Provide missing internal nodes activity with simulation results or by editing the "By Resource Type" views         |
| Device models               | High       | Device models are Production                           |                                                                                                                    |
|                             |            |                                                        |                                                                                                                    |
| Overall confidence level    | Low        |                                                        |                                                                                                                    |
+-----------------------------+------------+--------------------------------------------------------+--------------------------------------------------------------------------------------------------------------------+


2. Settings
-----------

2.1 Environment
---------------

+-----------------------+--------------------------+
| Ambient Temp (C)      | 25.0                     |
| ThetaJA (C/W)         | 4.6                      |
| Airflow (LFM)         | 250                      |
| Heat Sink             | medium (Medium Profile)  |
| ThetaSA (C/W)         | 4.6                      |
| Board Selection       | medium (10"x10")         |
| # of Board Layers     | 12to15 (12 to 15 Layers) |
| Board Temperature (C) | 25.0                     |
+-----------------------+--------------------------+


2.2 Clock Constraints
---------------------

+-------+--------+-----------------+
| Clock | Domain | Constraint (ns) |
+-------+--------+-----------------+


3. Detailed Reports
-------------------

3.1 By Hierarchy
----------------

+-------------------------------+-----------+
| Name                          | Power (W) |
+-------------------------------+-----------+
| nexys4ddr                     |    64.708 |
|   camara                      |     7.794 |
|     DP_RAM                    |     2.021 |
|     VGA_640x480               |     0.565 |
|     cam_read                  |     0.458 |
|     clk25_24                  |     4.430 |
|       inst                    |     4.430 |
|   picorv32                    |    10.798 |
|     cpuregs_reg_r1_0_63_0_2   |     0.026 |
|     cpuregs_reg_r1_0_63_12_14 |     0.027 |
|     cpuregs_reg_r1_0_63_15_17 |     0.023 |
|     cpuregs_reg_r1_0_63_18_20 |     0.015 |
|     cpuregs_reg_r1_0_63_21_23 |     0.014 |
|     cpuregs_reg_r1_0_63_24_26 |     0.016 |
|     cpuregs_reg_r1_0_63_27_29 |     0.017 |
|     cpuregs_reg_r1_0_63_30_31 |     0.012 |
|     cpuregs_reg_r1_0_63_3_5   |     0.031 |
|     cpuregs_reg_r1_0_63_6_8   |     0.025 |
|     cpuregs_reg_r1_0_63_9_11  |     0.022 |
|     cpuregs_reg_r2_0_63_0_2   |     0.028 |
|     cpuregs_reg_r2_0_63_12_14 |     0.027 |
|     cpuregs_reg_r2_0_63_15_17 |     0.027 |
|     cpuregs_reg_r2_0_63_18_20 |     0.030 |
|     cpuregs_reg_r2_0_63_21_23 |     0.030 |
|     cpuregs_reg_r2_0_63_24_26 |     0.032 |
|     cpuregs_reg_r2_0_63_27_29 |     0.037 |
|     cpuregs_reg_r2_0_63_30_31 |     0.023 |
|     cpuregs_reg_r2_0_63_3_5   |     0.028 |
|     cpuregs_reg_r2_0_63_6_8   |     0.025 |
|     cpuregs_reg_r2_0_63_9_11  |     0.033 |
|     pcpi_div                  |     1.243 |
|     pcpi_mul                  |     0.645 |
+-------------------------------+-----------+


