
*** Running vivado
    with args -log test_cam.vds -m64 -product Vivado -mode batch -messageDb vivado.pb -notrace -source test_cam.tcl


****** Vivado v2019.2 (64-bit)
  **** SW Build 2708876 on Wed Nov  6 21:39:14 MST 2019
  **** IP Build 2700528 on Thu Nov  7 00:09:20 MST 2019
    ** Copyright 1986-2019 Xilinx, Inc. All Rights Reserved.

source test_cam.tcl -notrace
Command: synth_design -top test_cam -part xc7a100tcsg324-1
Starting synth_design
Attempting to get a license for feature 'Synthesis' and/or device 'xc7a100t'
INFO: [Common 17-349] Got license for feature 'Synthesis' and/or device 'xc7a100t'
INFO: [Device 21-403] Loading part xc7a100tcsg324-1
INFO: Launching helper process for spawning children vivado processes
INFO: Helper process launched with PID 10813 
---------------------------------------------------------------------------------
Starting RTL Elaboration : Time (s): cpu = 00:00:03 ; elapsed = 00:00:04 . Memory (MB): peak = 1882.727 ; gain = 201.715 ; free physical = 539 ; free virtual = 6714
---------------------------------------------------------------------------------
INFO: [Synth 8-6157] synthesizing module 'test_cam' [/home/esteban/UNAL/GitHub/wp2-simulacion-captura-grupo-03/src/sources/test_cam.v:23]
	Parameter CAM_SCREEN_X bound to: 160 - type: integer 
	Parameter CAM_SCREEN_Y bound to: 120 - type: integer 
	Parameter AW bound to: 15 - type: integer 
	Parameter DW bound to: 12 - type: integer 
	Parameter imaSiz bound to: 19200 - type: integer 
INFO: [Synth 8-6157] synthesizing module 'clk24_25_nexys4' [/home/esteban/UNAL/GitHub/wp2-simulacion-captura-grupo-03/src/sources/PLL/clk24_25_nexys4.v:71]
INFO: [Synth 8-6157] synthesizing module 'clk24_25_nexys4_clk_wiz' [/home/esteban/UNAL/GitHub/wp2-simulacion-captura-grupo-03/src/sources/PLL/clk24_25_nexys4_clk_wiz.v:69]
INFO: [Synth 8-6157] synthesizing module 'BUFG' [/home/esteban/programs/Vivado/2019.2/scripts/rt/data/unisim_comp.v:1075]
INFO: [Synth 8-6155] done synthesizing module 'BUFG' (1#1) [/home/esteban/programs/Vivado/2019.2/scripts/rt/data/unisim_comp.v:1075]
INFO: [Synth 8-6157] synthesizing module 'MMCME2_ADV' [/home/esteban/programs/Vivado/2019.2/scripts/rt/data/unisim_comp.v:39940]
	Parameter BANDWIDTH bound to: OPTIMIZED - type: string 
	Parameter CLKFBOUT_MULT_F bound to: 9.750000 - type: double 
	Parameter CLKFBOUT_PHASE bound to: 0.000000 - type: double 
	Parameter CLKFBOUT_USE_FINE_PS bound to: FALSE - type: string 
	Parameter CLKIN1_PERIOD bound to: 10.000000 - type: double 
	Parameter CLKIN2_PERIOD bound to: 0.000000 - type: double 
	Parameter CLKOUT0_DIVIDE_F bound to: 40.625000 - type: double 
	Parameter CLKOUT0_DUTY_CYCLE bound to: 0.500000 - type: double 
	Parameter CLKOUT0_PHASE bound to: 0.000000 - type: double 
	Parameter CLKOUT0_USE_FINE_PS bound to: FALSE - type: string 
	Parameter CLKOUT1_DIVIDE bound to: 39 - type: integer 
	Parameter CLKOUT1_DUTY_CYCLE bound to: 0.500000 - type: double 
	Parameter CLKOUT1_PHASE bound to: 0.000000 - type: double 
	Parameter CLKOUT1_USE_FINE_PS bound to: FALSE - type: string 
	Parameter CLKOUT2_DIVIDE bound to: 1 - type: integer 
	Parameter CLKOUT2_DUTY_CYCLE bound to: 0.500000 - type: double 
	Parameter CLKOUT2_PHASE bound to: 0.000000 - type: double 
	Parameter CLKOUT2_USE_FINE_PS bound to: FALSE - type: string 
	Parameter CLKOUT3_DIVIDE bound to: 1 - type: integer 
	Parameter CLKOUT3_DUTY_CYCLE bound to: 0.500000 - type: double 
	Parameter CLKOUT3_PHASE bound to: 0.000000 - type: double 
	Parameter CLKOUT3_USE_FINE_PS bound to: FALSE - type: string 
	Parameter CLKOUT4_CASCADE bound to: FALSE - type: string 
	Parameter CLKOUT4_DIVIDE bound to: 1 - type: integer 
	Parameter CLKOUT4_DUTY_CYCLE bound to: 0.500000 - type: double 
	Parameter CLKOUT4_PHASE bound to: 0.000000 - type: double 
	Parameter CLKOUT4_USE_FINE_PS bound to: FALSE - type: string 
	Parameter CLKOUT5_DIVIDE bound to: 1 - type: integer 
	Parameter CLKOUT5_DUTY_CYCLE bound to: 0.500000 - type: double 
	Parameter CLKOUT5_PHASE bound to: 0.000000 - type: double 
	Parameter CLKOUT5_USE_FINE_PS bound to: FALSE - type: string 
	Parameter CLKOUT6_DIVIDE bound to: 1 - type: integer 
	Parameter CLKOUT6_DUTY_CYCLE bound to: 0.500000 - type: double 
	Parameter CLKOUT6_PHASE bound to: 0.000000 - type: double 
	Parameter CLKOUT6_USE_FINE_PS bound to: FALSE - type: string 
	Parameter COMPENSATION bound to: ZHOLD - type: string 
	Parameter DIVCLK_DIVIDE bound to: 1 - type: integer 
	Parameter IS_CLKINSEL_INVERTED bound to: 1'b0 
	Parameter IS_PSEN_INVERTED bound to: 1'b0 
	Parameter IS_PSINCDEC_INVERTED bound to: 1'b0 
	Parameter IS_PWRDWN_INVERTED bound to: 1'b0 
	Parameter IS_RST_INVERTED bound to: 1'b0 
	Parameter REF_JITTER1 bound to: 0.010000 - type: double 
	Parameter REF_JITTER2 bound to: 0.010000 - type: double 
	Parameter SS_EN bound to: FALSE - type: string 
	Parameter SS_MODE bound to: CENTER_HIGH - type: string 
	Parameter SS_MOD_PERIOD bound to: 10000 - type: integer 
	Parameter STARTUP_WAIT bound to: FALSE - type: string 
INFO: [Synth 8-6155] done synthesizing module 'MMCME2_ADV' (2#1) [/home/esteban/programs/Vivado/2019.2/scripts/rt/data/unisim_comp.v:39940]
INFO: [Synth 8-6155] done synthesizing module 'clk24_25_nexys4_clk_wiz' (3#1) [/home/esteban/UNAL/GitHub/wp2-simulacion-captura-grupo-03/src/sources/PLL/clk24_25_nexys4_clk_wiz.v:69]
INFO: [Synth 8-6155] done synthesizing module 'clk24_25_nexys4' (4#1) [/home/esteban/UNAL/GitHub/wp2-simulacion-captura-grupo-03/src/sources/PLL/clk24_25_nexys4.v:71]
WARNING: [Synth 8-7023] instance 'clk25_24' of module 'clk24_25_nexys4' has 5 connections declared, but only 4 given [/home/esteban/UNAL/GitHub/wp2-simulacion-captura-grupo-03/src/sources/test_cam.v:109]
INFO: [Synth 8-6157] synthesizing module 'cam_read' [/home/esteban/UNAL/GitHub/wp2-simulacion-captura-grupo-03/src/sources/cam_read.v:21]
	Parameter AW bound to: 15 - type: integer 
	Parameter DW bound to: 12 - type: integer 
	Parameter INIT bound to: 32'sb00000000000000000000000000000000 
	Parameter BYTE1 bound to: 1 - type: integer 
	Parameter BYTE2 bound to: 2 - type: integer 
	Parameter NOTHING bound to: 3 - type: integer 
	Parameter imaSiz bound to: 19199 - type: integer 
INFO: [Synth 8-226] default block is never used [/home/esteban/UNAL/GitHub/wp2-simulacion-captura-grupo-03/src/sources/cam_read.v:64]
INFO: [Synth 8-6155] done synthesizing module 'cam_read' (5#1) [/home/esteban/UNAL/GitHub/wp2-simulacion-captura-grupo-03/src/sources/cam_read.v:21]
INFO: [Synth 8-6157] synthesizing module 'procesamiento' [/home/esteban/UNAL/GitHub/wp2-simulacion-captura-grupo-03/src/sources/procesamiento.v:3]
	Parameter n bound to: 120 - type: integer 
	Parameter m bound to: 160 - type: integer 
	Parameter AW bound to: 15 - type: integer 
	Parameter DW bound to: 12 - type: integer 
	Parameter min_R bound to: 1 - type: integer 
	Parameter min_G bound to: 1 - type: integer 
	Parameter min_B bound to: 1 - type: integer 
	Parameter INIT bound to: 32'sb00000000000000000000000000000000 
	Parameter ADD_COL bound to: 1 - type: integer 
	Parameter SEL_COL bound to: 2 - type: integer 
	Parameter ADD_ACH_MAY bound to: 3 - type: integer 
	Parameter DONE bound to: 4 - type: integer 
	Parameter CARGAR_DATO bound to: 5 - type: integer 
	Parameter NOTHING bound to: 6 - type: integer 
	Parameter imaSiz bound to: 19200 - type: integer 
	Parameter min_ancho_actual bound to: 3 - type: integer 
WARNING: [Synth 8-6014] Unused sequential element aux_init_procesamiento_reg was removed.  [/home/esteban/UNAL/GitHub/wp2-simulacion-captura-grupo-03/src/sources/procesamiento.v:82]
WARNING: [Synth 8-6014] Unused sequential element aux_init_procesamiento_reg was removed.  [/home/esteban/UNAL/GitHub/wp2-simulacion-captura-grupo-03/src/sources/procesamiento.v:168]
INFO: [Synth 8-6155] done synthesizing module 'procesamiento' (6#1) [/home/esteban/UNAL/GitHub/wp2-simulacion-captura-grupo-03/src/sources/procesamiento.v:3]
INFO: [Synth 8-6157] synthesizing module 'buffer_ram_dp' [/home/esteban/UNAL/GitHub/wp2-simulacion-captura-grupo-03/src/sources/buffer_ram_dp.v:27]
	Parameter AW bound to: 15 - type: integer 
	Parameter DW bound to: 12 - type: integer 
	Parameter imageFILE bound to: /home/esteban/UNAL/GitHub/wp2-simulacion-captura-grupo-03/src/sources/images/circulo.men - type: string 
	Parameter NPOS bound to: 32768 - type: integer 
	Parameter imaSiz bound to: 19200 - type: integer 
INFO: [Synth 8-3876] $readmem data file '/home/esteban/UNAL/GitHub/wp2-simulacion-captura-grupo-03/src/sources/images/circulo.men' is read successfully [/home/esteban/UNAL/GitHub/wp2-simulacion-captura-grupo-03/src/sources/buffer_ram_dp.v:77]
INFO: [Synth 8-6155] done synthesizing module 'buffer_ram_dp' (7#1) [/home/esteban/UNAL/GitHub/wp2-simulacion-captura-grupo-03/src/sources/buffer_ram_dp.v:27]
INFO: [Synth 8-6157] synthesizing module 'VGA_Driver' [/home/esteban/UNAL/GitHub/wp2-simulacion-captura-grupo-03/src/project_1.srcs/sources_1/imports/sources/VGA_driver.v:19]
	Parameter DW bound to: 12 - type: integer 
	Parameter SCREEN_X bound to: 640 - type: integer 
	Parameter FRONT_PORCH_X bound to: 16 - type: integer 
	Parameter SYNC_PULSE_X bound to: 96 - type: integer 
	Parameter BACK_PORCH_X bound to: 48 - type: integer 
	Parameter TOTAL_SCREEN_X bound to: 800 - type: integer 
	Parameter SCREEN_Y bound to: 480 - type: integer 
	Parameter FRONT_PORCH_Y bound to: 10 - type: integer 
	Parameter SYNC_PULSE_Y bound to: 2 - type: integer 
	Parameter BACK_PORCH_Y bound to: 33 - type: integer 
	Parameter TOTAL_SCREEN_Y bound to: 525 - type: integer 
INFO: [Synth 8-6155] done synthesizing module 'VGA_Driver' (8#1) [/home/esteban/UNAL/GitHub/wp2-simulacion-captura-grupo-03/src/project_1.srcs/sources_1/imports/sources/VGA_driver.v:19]
INFO: [Synth 8-6155] done synthesizing module 'test_cam' (9#1) [/home/esteban/UNAL/GitHub/wp2-simulacion-captura-grupo-03/src/sources/test_cam.v:23]
WARNING: [Synth 8-3917] design test_cam has port CAM_pwdn driven by constant 0
WARNING: [Synth 8-3917] design test_cam has port CAM_reset driven by constant 0
---------------------------------------------------------------------------------
Finished RTL Elaboration : Time (s): cpu = 00:00:05 ; elapsed = 00:00:06 . Memory (MB): peak = 1944.477 ; gain = 263.465 ; free physical = 562 ; free virtual = 6738
---------------------------------------------------------------------------------

Report Check Netlist: 
+------+------------------+-------+---------+-------+------------------+
|      |Item              |Errors |Warnings |Status |Description       |
+------+------------------+-------+---------+-------+------------------+
|1     |multi_driven_nets |      0|        0|Passed |Multi driven nets |
+------+------------------+-------+---------+-------+------------------+
---------------------------------------------------------------------------------
Start Handling Custom Attributes
---------------------------------------------------------------------------------
---------------------------------------------------------------------------------
Finished Handling Custom Attributes : Time (s): cpu = 00:00:05 ; elapsed = 00:00:07 . Memory (MB): peak = 1953.383 ; gain = 272.371 ; free physical = 561 ; free virtual = 6736
---------------------------------------------------------------------------------
---------------------------------------------------------------------------------
Finished RTL Optimization Phase 1 : Time (s): cpu = 00:00:05 ; elapsed = 00:00:07 . Memory (MB): peak = 1953.383 ; gain = 272.371 ; free physical = 561 ; free virtual = 6736
---------------------------------------------------------------------------------
Netlist sorting complete. Time (s): cpu = 00:00:00 ; elapsed = 00:00:00 . Memory (MB): peak = 1959.320 ; gain = 0.000 ; free physical = 553 ; free virtual = 6729
INFO: [Netlist 29-17] Analyzing 1 Unisim elements for replacement
INFO: [Netlist 29-28] Unisim Transformation completed in 0 CPU seconds
INFO: [Project 1-570] Preparing netlist for logic optimization

Processing XDC Constraints
Initializing timing engine
Parsing XDC File [/home/esteban/UNAL/GitHub/wp2-simulacion-captura-grupo-03/src/implementation/Nexys_4.xdc]
Finished Parsing XDC File [/home/esteban/UNAL/GitHub/wp2-simulacion-captura-grupo-03/src/implementation/Nexys_4.xdc]
INFO: [Project 1-236] Implementation specific constraints were found while reading constraint file [/home/esteban/UNAL/GitHub/wp2-simulacion-captura-grupo-03/src/implementation/Nexys_4.xdc]. These constraints will be ignored for synthesis but will be used in implementation. Impacted constraints are listed in the file [.Xil/test_cam_propImpl.xdc].
Resolution: To avoid this warning, move constraints listed in [.Xil/test_cam_propImpl.xdc] to another XDC file and exclude this new file from synthesis with the used_in_synthesis property (File Properties dialog in GUI) and re-run elaboration/synthesis.
INFO: [Timing 38-2] Deriving generated clocks
Completed Processing XDC Constraints

Netlist sorting complete. Time (s): cpu = 00:00:00 ; elapsed = 00:00:00 . Memory (MB): peak = 2117.133 ; gain = 0.000 ; free physical = 473 ; free virtual = 6646
INFO: [Project 1-111] Unisim Transformation Summary:
No Unisim elements were transformed.

Constraint Validation Runtime : Time (s): cpu = 00:00:00 ; elapsed = 00:00:00 . Memory (MB): peak = 2117.133 ; gain = 0.000 ; free physical = 473 ; free virtual = 6646
---------------------------------------------------------------------------------
Finished Constraint Validation : Time (s): cpu = 00:00:11 ; elapsed = 00:00:14 . Memory (MB): peak = 2117.133 ; gain = 436.121 ; free physical = 546 ; free virtual = 6720
---------------------------------------------------------------------------------
---------------------------------------------------------------------------------
Start Loading Part and Timing Information
---------------------------------------------------------------------------------
Loading part: xc7a100tcsg324-1
---------------------------------------------------------------------------------
Finished Loading Part and Timing Information : Time (s): cpu = 00:00:11 ; elapsed = 00:00:14 . Memory (MB): peak = 2117.133 ; gain = 436.121 ; free physical = 546 ; free virtual = 6720
---------------------------------------------------------------------------------
---------------------------------------------------------------------------------
Start Applying 'set_property' XDC Constraints
---------------------------------------------------------------------------------
---------------------------------------------------------------------------------
Finished applying 'set_property' XDC Constraints : Time (s): cpu = 00:00:11 ; elapsed = 00:00:14 . Memory (MB): peak = 2117.133 ; gain = 436.121 ; free physical = 546 ; free virtual = 6720
---------------------------------------------------------------------------------
INFO: [Synth 8-802] inferred FSM for state register 'status_reg' in module 'cam_read'
INFO: [Synth 8-802] inferred FSM for state register 'status_reg' in module 'procesamiento'
---------------------------------------------------------------------------------------------------
                   State |                     New Encoding |                Previous Encoding 
---------------------------------------------------------------------------------------------------
                    INIT |                               00 |                               00
                   BYTE2 |                               01 |                               10
                   BYTE1 |                               10 |                               01
                 NOTHING |                               11 |                               11
---------------------------------------------------------------------------------------------------
INFO: [Synth 8-3354] encoded FSM with state register 'status_reg' using encoding 'sequential' in module 'cam_read'
---------------------------------------------------------------------------------------------------
                   State |                     New Encoding |                Previous Encoding 
---------------------------------------------------------------------------------------------------
                    INIT |                          0000001 |                              000
                    DONE |                          0000010 |                              100
                 NOTHING |                          0000100 |                              110
             CARGAR_DATO |                          0001000 |                              101
                 SEL_COL |                          0010000 |                              010
             ADD_ACH_MAY |                          0100000 |                              011
                 ADD_COL |                          1000000 |                              001
---------------------------------------------------------------------------------------------------
INFO: [Synth 8-3354] encoded FSM with state register 'status_reg' using encoding 'one-hot' in module 'procesamiento'
---------------------------------------------------------------------------------
Finished RTL Optimization Phase 2 : Time (s): cpu = 00:00:12 ; elapsed = 00:00:15 . Memory (MB): peak = 2117.133 ; gain = 436.121 ; free physical = 537 ; free virtual = 6711
---------------------------------------------------------------------------------

Report RTL Partitions: 
+-+--------------+------------+----------+
| |RTL Partition |Replication |Instances |
+-+--------------+------------+----------+
+-+--------------+------------+----------+
---------------------------------------------------------------------------------
Start RTL Component Statistics 
---------------------------------------------------------------------------------
Detailed RTL Component Info : 
+---Adders : 
	   2 Input     15 Bit       Adders := 1     
	   2 Input     10 Bit       Adders := 2     
	   2 Input      8 Bit       Adders := 2     
	   2 Input      7 Bit       Adders := 4     
	   3 Input      7 Bit       Adders := 1     
+---Registers : 
	               15 Bit    Registers := 1     
	               12 Bit    Registers := 2     
	               10 Bit    Registers := 2     
	                8 Bit    Registers := 3     
	                7 Bit    Registers := 3     
	                2 Bit    Registers := 2     
	                1 Bit    Registers := 10    
+---RAMs : 
	             384K Bit         RAMs := 1     
+---Muxes : 
	   2 Input     15 Bit        Muxes := 2     
	   4 Input     15 Bit        Muxes := 1     
	   2 Input     12 Bit        Muxes := 3     
	   4 Input     12 Bit        Muxes := 2     
	   2 Input     10 Bit        Muxes := 1     
	   4 Input     10 Bit        Muxes := 1     
	   2 Input      9 Bit        Muxes := 1     
	   3 Input      9 Bit        Muxes := 1     
	   5 Input      8 Bit        Muxes := 1     
	   7 Input      7 Bit        Muxes := 1     
	   2 Input      7 Bit        Muxes := 10    
	   4 Input      2 Bit        Muxes := 1     
	   2 Input      2 Bit        Muxes := 8     
	   2 Input      1 Bit        Muxes := 18    
	   4 Input      1 Bit        Muxes := 3     
	   7 Input      1 Bit        Muxes := 10    
---------------------------------------------------------------------------------
Finished RTL Component Statistics 
---------------------------------------------------------------------------------
---------------------------------------------------------------------------------
Start RTL Hierarchical Component Statistics 
---------------------------------------------------------------------------------
Hierarchical RTL Component report 
Module test_cam 
Detailed RTL Component Info : 
+---Muxes : 
	   2 Input     15 Bit        Muxes := 1     
Module cam_read 
Detailed RTL Component Info : 
+---Adders : 
	   2 Input     15 Bit       Adders := 1     
+---Registers : 
	               15 Bit    Registers := 1     
	               12 Bit    Registers := 1     
	                1 Bit    Registers := 1     
+---Muxes : 
	   2 Input     15 Bit        Muxes := 1     
	   4 Input     15 Bit        Muxes := 1     
	   2 Input     12 Bit        Muxes := 2     
	   4 Input     12 Bit        Muxes := 2     
	   4 Input      2 Bit        Muxes := 1     
	   2 Input      2 Bit        Muxes := 2     
	   2 Input      1 Bit        Muxes := 1     
	   4 Input      1 Bit        Muxes := 3     
Module procesamiento 
Detailed RTL Component Info : 
+---Adders : 
	   2 Input      8 Bit       Adders := 2     
	   2 Input      7 Bit       Adders := 4     
	   3 Input      7 Bit       Adders := 1     
+---Registers : 
	                8 Bit    Registers := 3     
	                7 Bit    Registers := 3     
	                2 Bit    Registers := 2     
	                1 Bit    Registers := 9     
+---Muxes : 
	   5 Input      8 Bit        Muxes := 1     
	   7 Input      7 Bit        Muxes := 1     
	   2 Input      7 Bit        Muxes := 10    
	   2 Input      2 Bit        Muxes := 6     
	   2 Input      1 Bit        Muxes := 17    
	   7 Input      1 Bit        Muxes := 10    
Module buffer_ram_dp 
Detailed RTL Component Info : 
+---Registers : 
	               12 Bit    Registers := 1     
+---RAMs : 
	             384K Bit         RAMs := 1     
Module VGA_Driver 
Detailed RTL Component Info : 
+---Adders : 
	   2 Input     10 Bit       Adders := 2     
+---Registers : 
	               10 Bit    Registers := 2     
+---Muxes : 
	   2 Input     12 Bit        Muxes := 1     
	   2 Input     10 Bit        Muxes := 1     
	   4 Input     10 Bit        Muxes := 1     
	   2 Input      9 Bit        Muxes := 1     
	   3 Input      9 Bit        Muxes := 1     
---------------------------------------------------------------------------------
Finished RTL Hierarchical Component Statistics
---------------------------------------------------------------------------------
---------------------------------------------------------------------------------
Start Part Resource Summary
---------------------------------------------------------------------------------
Part Resources:
DSPs: 240 (col length:80)
BRAMs: 270 (col length: RAMB18 80 RAMB36 40)
---------------------------------------------------------------------------------
Finished Part Resource Summary
---------------------------------------------------------------------------------
---------------------------------------------------------------------------------
Start Cross Boundary and Area Optimization
---------------------------------------------------------------------------------
Warning: Parallel synthesis criteria is not met 
DSP Report: Generating DSP DP_RAM_addr_out0, operation Mode is: C+A*(B:0xa0).
DSP Report: operator DP_RAM_addr_out0 is absorbed into DSP DP_RAM_addr_out0.
DSP Report: operator DP_RAM_addr_out1 is absorbed into DSP DP_RAM_addr_out0.
WARNING: [Synth 8-3917] design test_cam has port CAM_pwdn driven by constant 0
WARNING: [Synth 8-3917] design test_cam has port CAM_reset driven by constant 0
---------------------------------------------------------------------------------
Finished Cross Boundary and Area Optimization : Time (s): cpu = 00:00:22 ; elapsed = 00:00:26 . Memory (MB): peak = 2117.133 ; gain = 436.121 ; free physical = 483 ; free virtual = 6662
---------------------------------------------------------------------------------
---------------------------------------------------------------------------------
Start ROM, RAM, DSP and Shift Register Reporting
---------------------------------------------------------------------------------

Distributed RAM: Preliminary Mapping	Report (see note below)
+------------+----------------+-----------+----------------------+----------------+
|Module Name | RTL Object     | Inference | Size (Depth x Width) | Primitives     | 
+------------+----------------+-----------+----------------------+----------------+
|test_cam    | DP_RAM/ram_reg | Implied   | 32 K x 12            | RAM64M x 4096	 | 
+------------+----------------+-----------+----------------------+----------------+

Note: The table above is a preliminary report that shows the Distributed RAMs at the current stage of the synthesis flow. Some Distributed RAMs may be reimplemented as non Distributed RAM primitives later in the synthesis flow. Multiple instantiated RAMs are reported only once.

DSP: Preliminary Mapping	Report (see note below)
+------------+--------------+--------+--------+--------+--------+--------+------+------+------+------+-------+------+------+
|Module Name | DSP Mapping  | A Size | B Size | C Size | D Size | P Size | AREG | BREG | CREG | DREG | ADREG | MREG | PREG | 
+------------+--------------+--------+--------+--------+--------+--------+------+------+------+------+-------+------+------+
|test_cam    | C+A*(B:0xa0) | 10     | 8      | 10     | -      | 15     | 0    | 0    | 0    | -    | -     | 0    | 0    | 
+------------+--------------+--------+--------+--------+--------+--------+------+------+------+------+-------+------+------+

Note: The table above is a preliminary report that shows the DSPs inferred at the current stage of the synthesis flow. Some DSP may be reimplemented as non DSP primitives later in the synthesis flow. Multiple instantiated DSPs are reported only once.
---------------------------------------------------------------------------------
Finished ROM, RAM, DSP and Shift Register Reporting
---------------------------------------------------------------------------------

Report RTL Partitions: 
+-+--------------+------------+----------+
| |RTL Partition |Replication |Instances |
+-+--------------+------------+----------+
+-+--------------+------------+----------+
---------------------------------------------------------------------------------
Start Applying XDC Timing Constraints
---------------------------------------------------------------------------------
---------------------------------------------------------------------------------
Finished Applying XDC Timing Constraints : Time (s): cpu = 00:00:31 ; elapsed = 00:00:35 . Memory (MB): peak = 2117.133 ; gain = 436.121 ; free physical = 340 ; free virtual = 6518
---------------------------------------------------------------------------------
---------------------------------------------------------------------------------
Start Timing Optimization
---------------------------------------------------------------------------------
---------------------------------------------------------------------------------
Finished Timing Optimization : Time (s): cpu = 00:00:36 ; elapsed = 00:00:41 . Memory (MB): peak = 2194.664 ; gain = 513.652 ; free physical = 304 ; free virtual = 6483
---------------------------------------------------------------------------------
---------------------------------------------------------------------------------
Start ROM, RAM, DSP and Shift Register Reporting
---------------------------------------------------------------------------------

Distributed RAM: Final Mapping	Report
+------------+----------------+-----------+----------------------+----------------+
|Module Name | RTL Object     | Inference | Size (Depth x Width) | Primitives     | 
+------------+----------------+-----------+----------------------+----------------+
|test_cam    | DP_RAM/ram_reg | Implied   | 32 K x 12            | RAM64M x 4096	 | 
+------------+----------------+-----------+----------------------+----------------+

---------------------------------------------------------------------------------
Finished ROM, RAM, DSP and Shift Register Reporting
---------------------------------------------------------------------------------

Report RTL Partitions: 
+-+--------------+------------+----------+
| |RTL Partition |Replication |Instances |
+-+--------------+------------+----------+
+-+--------------+------------+----------+
---------------------------------------------------------------------------------
Start Technology Mapping
---------------------------------------------------------------------------------
---------------------------------------------------------------------------------
Finished Technology Mapping : Time (s): cpu = 00:00:44 ; elapsed = 00:00:49 . Memory (MB): peak = 2221.664 ; gain = 540.652 ; free physical = 306 ; free virtual = 6484
---------------------------------------------------------------------------------

Report RTL Partitions: 
+-+--------------+------------+----------+
| |RTL Partition |Replication |Instances |
+-+--------------+------------+----------+
+-+--------------+------------+----------+
---------------------------------------------------------------------------------
Start IO Insertion
---------------------------------------------------------------------------------
---------------------------------------------------------------------------------
Start Flattening Before IO Insertion
---------------------------------------------------------------------------------
---------------------------------------------------------------------------------
Finished Flattening Before IO Insertion
---------------------------------------------------------------------------------
---------------------------------------------------------------------------------
Start Final Netlist Cleanup
---------------------------------------------------------------------------------
---------------------------------------------------------------------------------
Finished Final Netlist Cleanup
---------------------------------------------------------------------------------
WARNING: [Synth 8-5410] Found another clock driver \clk25_24/inst/clkin1_bufg :O [/home/esteban/UNAL/GitHub/wp2-simulacion-captura-grupo-03/src/sources/PLL/clk24_25_nexys4_clk_wiz.v:84]
---------------------------------------------------------------------------------
Finished IO Insertion : Time (s): cpu = 00:00:51 ; elapsed = 00:00:56 . Memory (MB): peak = 2221.664 ; gain = 540.652 ; free physical = 300 ; free virtual = 6479
---------------------------------------------------------------------------------
---------------------------------------------------------------------------------
Start Renaming Generated Instances
---------------------------------------------------------------------------------
---------------------------------------------------------------------------------
Finished Renaming Generated Instances : Time (s): cpu = 00:00:51 ; elapsed = 00:00:56 . Memory (MB): peak = 2221.664 ; gain = 540.652 ; free physical = 300 ; free virtual = 6479
---------------------------------------------------------------------------------

Report RTL Partitions: 
+-+--------------+------------+----------+
| |RTL Partition |Replication |Instances |
+-+--------------+------------+----------+
+-+--------------+------------+----------+

Report Check Netlist: 
+------+------------------+-------+---------+-------+------------------+
|      |Item              |Errors |Warnings |Status |Description       |
+------+------------------+-------+---------+-------+------------------+
|1     |multi_driven_nets |      0|        0|Passed |Multi driven nets |
+------+------------------+-------+---------+-------+------------------+
---------------------------------------------------------------------------------
Start Rebuilding User Hierarchy
---------------------------------------------------------------------------------
---------------------------------------------------------------------------------
Finished Rebuilding User Hierarchy : Time (s): cpu = 00:00:53 ; elapsed = 00:00:58 . Memory (MB): peak = 2221.664 ; gain = 540.652 ; free physical = 299 ; free virtual = 6478
---------------------------------------------------------------------------------
---------------------------------------------------------------------------------
Start Renaming Generated Ports
---------------------------------------------------------------------------------
---------------------------------------------------------------------------------
Finished Renaming Generated Ports : Time (s): cpu = 00:00:53 ; elapsed = 00:00:58 . Memory (MB): peak = 2221.664 ; gain = 540.652 ; free physical = 299 ; free virtual = 6478
---------------------------------------------------------------------------------
---------------------------------------------------------------------------------
Start Handling Custom Attributes
---------------------------------------------------------------------------------
---------------------------------------------------------------------------------
Finished Handling Custom Attributes : Time (s): cpu = 00:00:54 ; elapsed = 00:01:00 . Memory (MB): peak = 2221.664 ; gain = 540.652 ; free physical = 301 ; free virtual = 6480
---------------------------------------------------------------------------------
---------------------------------------------------------------------------------
Start Renaming Generated Nets
---------------------------------------------------------------------------------
---------------------------------------------------------------------------------
Finished Renaming Generated Nets : Time (s): cpu = 00:00:55 ; elapsed = 00:01:00 . Memory (MB): peak = 2221.664 ; gain = 540.652 ; free physical = 301 ; free virtual = 6480
---------------------------------------------------------------------------------
---------------------------------------------------------------------------------
Start Writing Synthesis Report
---------------------------------------------------------------------------------

Report BlackBoxes: 
+-+--------------+----------+
| |BlackBox name |Instances |
+-+--------------+----------+
+-+--------------+----------+

Report Cell Usage: 
+------+-----------+------+
|      |Cell       |Count |
+------+-----------+------+
|1     |BUFG       |     6|
|2     |CARRY4     |    50|
|3     |DSP48E1    |     1|
|4     |LUT1       |     9|
|5     |LUT2       |   348|
|6     |LUT3       |   261|
|7     |LUT4       |  3347|
|8     |LUT5       |   458|
|9     |LUT6       |  6108|
|10    |MMCME2_ADV |     1|
|11    |MUXF7      |  1632|
|12    |MUXF8      |   768|
|13    |RAM64M     |  4096|
|14    |FDRE       |   597|
|15    |FDSE       |    43|
|16    |IBUF       |    14|
|17    |OBUF       |    22|
+------+-----------+------+

Report Instance Areas: 
+------+-------------------+------------------------+------+
|      |Instance           |Module                  |Cells |
+------+-------------------+------------------------+------+
|1     |top                |                        | 17761|
|2     |  DP_RAM           |buffer_ram_dp           |  9814|
|3     |  VGA_640x480      |VGA_Driver              |   118|
|4     |  cam_read         |cam_read                |  7338|
|5     |  clk25_24         |clk24_25_nexys4         |     5|
|6     |    inst           |clk24_25_nexys4_clk_wiz |     5|
|7     |  my_procesamiento |procesamiento           |   447|
+------+-------------------+------------------------+------+
---------------------------------------------------------------------------------
Finished Writing Synthesis Report : Time (s): cpu = 00:00:55 ; elapsed = 00:01:00 . Memory (MB): peak = 2221.664 ; gain = 540.652 ; free physical = 301 ; free virtual = 6480
---------------------------------------------------------------------------------
Synthesis finished with 0 errors, 0 critical warnings and 3 warnings.
Synthesis Optimization Runtime : Time (s): cpu = 00:00:52 ; elapsed = 00:00:57 . Memory (MB): peak = 2221.664 ; gain = 376.902 ; free physical = 360 ; free virtual = 6539
Synthesis Optimization Complete : Time (s): cpu = 00:00:55 ; elapsed = 00:01:00 . Memory (MB): peak = 2221.672 ; gain = 540.652 ; free physical = 360 ; free virtual = 6539
INFO: [Project 1-571] Translating synthesized netlist
Netlist sorting complete. Time (s): cpu = 00:00:00.34 ; elapsed = 00:00:00.34 . Memory (MB): peak = 2221.672 ; gain = 0.000 ; free physical = 421 ; free virtual = 6599
INFO: [Netlist 29-17] Analyzing 6548 Unisim elements for replacement
INFO: [Netlist 29-28] Unisim Transformation completed in 2 CPU seconds
INFO: [Project 1-570] Preparing netlist for logic optimization
INFO: [Opt 31-138] Pushed 0 inverter(s) to 0 load pin(s).
Netlist sorting complete. Time (s): cpu = 00:00:00.01 ; elapsed = 00:00:00 . Memory (MB): peak = 2253.680 ; gain = 0.000 ; free physical = 316 ; free virtual = 6494
INFO: [Project 1-111] Unisim Transformation Summary:
  A total of 4096 instances were transformed.
  RAM64M => RAM64M (RAMD64E(x4)): 4096 instances

INFO: [Common 17-83] Releasing license: Synthesis
39 Infos, 8 Warnings, 0 Critical Warnings and 0 Errors encountered.
synth_design completed successfully
synth_design: Time (s): cpu = 00:01:10 ; elapsed = 00:01:16 . Memory (MB): peak = 2253.680 ; gain = 783.711 ; free physical = 477 ; free virtual = 6655
Netlist sorting complete. Time (s): cpu = 00:00:00 ; elapsed = 00:00:00 . Memory (MB): peak = 2253.680 ; gain = 0.000 ; free physical = 477 ; free virtual = 6655
WARNING: [Constraints 18-5210] No constraints selected for write.
Resolution: This message can indicate that there are no constraints for the design, or it can indicate that the used_in flags are set such that the constraints are ignored. This later case is used when running synth_design to not write synthesis constraints to the resulting checkpoint. Instead, project constraints are read when the synthesized design is opened.
INFO: [Common 17-1381] The checkpoint '/home/esteban/UNAL/GitHub/wp2-simulacion-captura-grupo-03/src/project_1.runs/synth_1/test_cam.dcp' has been generated.
write_checkpoint: Time (s): cpu = 00:00:06 ; elapsed = 00:00:06 . Memory (MB): peak = 2277.691 ; gain = 24.012 ; free physical = 479 ; free virtual = 6661
INFO: [runtcl-4] Executing : report_utilization -file test_cam_utilization_synth.rpt -pb test_cam_utilization_synth.pb
INFO: [Common 17-206] Exiting Vivado at Mon Dec 14 03:33:48 2020...
