#
# An unexpected error has occurred (11)
#
Stack:
/home/esteban/programs/Vivado/2019.2/tps/lnx64/jre9.0.4/lib//server/libjvm.so(+0xb6aadb) [0x7efdbf0a0adb]
/home/esteban/programs/Vivado/2019.2/tps/lnx64/jre9.0.4/lib//server/libjvm.so(JVM_handle_linux_signal+0xbb) [0x7efdbf0a5e1b]
/home/esteban/programs/Vivado/2019.2/tps/lnx64/jre9.0.4/lib//server/libjvm.so(+0xb647b8) [0x7efdbf09a7b8]
/lib/x86_64-linux-gnu/libc.so.6(+0x3efd0) [0x7efe0adbcfd0]
/home/esteban/programs/Vivado/2019.2/lib/lnx64.o/librdi_simbridge_kernel.so(SimBridge::CArray::empty() const+0) [0x7efdc4126540]
/home/esteban/programs/Vivado/2019.2/lib/lnx64.o/librdi_simbridge_kernel.so(SimBridge::WdbEventBlock::addBlock(SimBridge::WdbIBlockManager&, unsigned int&) const+0x1e) [0x7efdc4126c1e]
/home/esteban/programs/Vivado/2019.2/lib/lnx64.o/librdi_simbridge_kernel.so(SimBridge::WdbMultipleBucketEventDatabase::getEventBlockDatabaseIterator(std::vector<SimBridge::WdbScalarBTree*, std::allocator<SimBridge::WdbScalarBTree*> > const&, std::vector<boost::shared_ptr<SimBridge::WdbIEventBlockIterator>, std::allocator<boost::shared_ptr<SimBridge::WdbIEventBlockIterator> > >&, std::vector<std::vector<SimBridge::WdbScalarBTree*, std::allocator<SimBridge::WdbScalarBTree*> >, std::allocator<std::vector<SimBridge::WdbScalarBTree*, std::allocator<SimBridge::WdbScalarBTree*> > > >&) const+0x691) [0x7efdc413ffd1]
/home/esteban/programs/Vivado/2019.2/lib/lnx64.o/librdi_simbridge_kernel.so(SimBridge::WdbAddressBTreeManager::scanWdbDatabaseMultiThread(std::vector<SimBridge::WdbScalarBTree*, std::allocator<SimBridge::WdbScalarBTree*> > const&, ISIM::IGuiStatus*)+0xc4) [0x7efdc411db74]
/home/esteban/programs/Vivado/2019.2/lib/lnx64.o/librdi_wavedata.so(SimBridge::DataObjMgr::createDrawingBTree(std::vector<SimBridge::IDataObj const*, std::allocator<SimBridge::IDataObj const*> > const&, ISIM::IGuiStatus*, bool)+0x32a) [0x7efdcd6fec1a]
/home/esteban/programs/Vivado/2019.2/lib/lnx64.o/librdi_wavedata.so(SG_Model::Model::createDrawingBTree(std::vector<SG_Model::WVDataObject*, std::allocator<SG_Model::WVDataObject*> > const&, ISIM::IGuiStatus*) const+0x21b) [0x7efdcd7b16eb]
/home/esteban/programs/Vivado/2019.2/lib/lnx64.o/librdi_wavedata.so(SG_Model::Model::addWVObject(std::vector<SG_Model::WVDataObject*, std::allocator<SG_Model::WVDataObject*> > const&, SG_Model::WVDataObject*, int)+0x23f) [0x7efdcd7b438f]
/home/esteban/programs/Vivado/2019.2/lib/lnx64.o/librdi_wavedata.so(SG_Controller::AddWaveformCommand::doCommand()+0x33) [0x7efdcd77f5d3]
/home/esteban/programs/Vivado/2019.2/lib/lnx64.o/librdi_wavedata.so(SG_Controller::CommandManager::executeOrAppendMacro(SG_Controller::Command*, bool)+0x4d) [0x7efdcd77e8fd]
/home/esteban/programs/Vivado/2019.2/lib/lnx64.o/librdi_wavedata.so(SG_Controller::CommandManager::createAndExecute(std::__cxx11::basic_string<char, std::char_traits<char>, std::allocator<char> > const&, SG_Common::StringArray const&, SG_Model::Model&, SG_Controller::CommandFactory&)+0x151) [0x7efdcd77ec91]
/home/esteban/programs/Vivado/2019.2/lib/lnx64.o/librdi_wavedata.so(WVDAppInterface::WVDWaveConfigurationImp::execute(std::__cxx11::basic_string<char, std::char_traits<char>, std::allocator<char> > const&, SG_Common::StringArray const&)+0x1b) [0x7efdcd670ceb]
/home/esteban/programs/Vivado/2019.2/lib/lnx64.o/librdi_wavedata.so(WVDAppInterface::WVDWaveConfiguration::addWaveObject(std::vector<SG_Model::WVDataObject*, std::allocator<SG_Model::WVDataObject*> > const&, int, int, WVDAppInterface::WVDWaveDisplayOption const&, ISIM::IGuiStatus*)+0x52f) [0x7efdcd673c8f]
/home/esteban/programs/Vivado/2019.2/lib/lnx64.o/librdi_wavedata.so(WVDAppInterface::WVDWaveConfiguration::addWave(std::vector<SimBridge::IObject const*, std::allocator<SimBridge::IObject const*> > const&, int, int, bool, WVDAppInterface::WVDWaveDisplayOption const&, ISIM::IGuiStatus*)+0x22c) [0x7efdcd6742bc]
/home/esteban/programs/Vivado/2019.2/lib/lnx64.o/librdi_wavedatatasks.so(+0xdd8cd) [0x7efd7cb8d8cd]
/home/esteban/programs/Vivado/2019.2/lib/lnx64.o/librdi_common.so(+0x86eca2) [0x7efe0c18fca2]
/home/esteban/programs/Vivado/2019.2/lib/lnx64.o/libtcl8.5.so(+0x334af) [0x7efe062384af]
/home/esteban/programs/Vivado/2019.2/lib/lnx64.o/libtcl8.5.so(+0x76875) [0x7efe0627b875]
/home/esteban/programs/Vivado/2019.2/lib/lnx64.o/libtcl8.5.so(+0x7e029) [0x7efe06283029]
/home/esteban/programs/Vivado/2019.2/lib/lnx64.o/libtcl8.5.so(TclEvalObjEx+0x76) [0x7efe0623a156]
/home/esteban/programs/Vivado/2019.2/lib/lnx64.o/libtcl8.5.so(+0x3e754) [0x7efe06243754]
/home/esteban/programs/Vivado/2019.2/lib/lnx64.o/libtcl8.5.so(+0x334af) [0x7efe062384af]
/home/esteban/programs/Vivado/2019.2/lib/lnx64.o/libtcl8.5.so(+0x76875) [0x7efe0627b875]
/home/esteban/programs/Vivado/2019.2/lib/lnx64.o/libtcl8.5.so(+0x7e029) [0x7efe06283029]
/home/esteban/programs/Vivado/2019.2/lib/lnx64.o/libtcl8.5.so(TclEvalObjEx+0x76) [0x7efe0623a156]
/home/esteban/programs/Vivado/2019.2/lib/lnx64.o/libtcl8.5.so(+0x3e754) [0x7efe06243754]
/home/esteban/programs/Vivado/2019.2/lib/lnx64.o/libtcl8.5.so(+0x334af) [0x7efe062384af]
/home/esteban/programs/Vivado/2019.2/lib/lnx64.o/libtcl8.5.so(+0x34b38) [0x7efe06239b38]
/home/esteban/programs/Vivado/2019.2/lib/lnx64.o/libtcl8.5.so(Tcl_EvalEx+0x13) [0x7efe0623a0a3]
/home/esteban/programs/Vivado/2019.2/lib/lnx64.o/libtcl8.5.so(Tcl_FSEvalFileEx+0x1da) [0x7efe0629ec5a]
/home/esteban/programs/Vivado/2019.2/lib/lnx64.o/librdi_commontasks.so(+0x2b1d8d) [0x7efdfffdad8d]
/home/esteban/programs/Vivado/2019.2/lib/lnx64.o/librdi_common.so(+0x86eca2) [0x7efe0c18fca2]
/home/esteban/programs/Vivado/2019.2/lib/lnx64.o/libtcl8.5.so(+0x334af) [0x7efe062384af]
/home/esteban/programs/Vivado/2019.2/lib/lnx64.o/libtcl8.5.so(Tcl_EvalObjv+0x32) [0x7efe062385e2]
/home/esteban/programs/Vivado/2019.2/lib/lnx64.o/libtcl8.5.so(TclEvalObjEx+0x322) [0x7efe0623a402]
/home/esteban/programs/Vivado/2019.2/lib/lnx64.o/librdi_common.so(hdi::tcltasks::task_manager::eval_in_tcl(Tcl_Interp*, Tcl_Obj*, char const*, bool)+0xab9) [0x7efe0c191ad9]
/home/esteban/programs/Vivado/2019.2/lib/lnx64.o/librdi_simtcltasks.so(RSTTclHelper::processTclbatchOption(hdi::tcltasks::task_options_base&, Tcl_Interp*)+0x114) [0x7efd7cf377b4]
/home/esteban/programs/Vivado/2019.2/lib/lnx64.o/librdi_simtcltasks.so(+0x13b1ae) [0x7efd7cfb11ae]
/home/esteban/programs/Vivado/2019.2/lib/lnx64.o/librdi_common.so(+0x86eca2) [0x7efe0c18fca2]
/home/esteban/programs/Vivado/2019.2/lib/lnx64.o/libtcl8.5.so(+0x334af) [0x7efe062384af]
/home/esteban/programs/Vivado/2019.2/lib/lnx64.o/libtcl8.5.so(+0x34b38) [0x7efe06239b38]
/home/esteban/programs/Vivado/2019.2/lib/lnx64.o/libtcl8.5.so(Tcl_EvalEx+0x13) [0x7efe0623a0a3]
/home/esteban/programs/Vivado/2019.2/lib/lnx64.o/libtcl8.5.so(TclEvalObjEx+0x1e0) [0x7efe0623a2c0]
/home/esteban/programs/Vivado/2019.2/lib/lnx64.o/libtcl8.5.so(+0x3b375) [0x7efe06240375]
/home/esteban/programs/Vivado/2019.2/lib/lnx64.o/libtcl8.5.so(+0x334af) [0x7efe062384af]
/home/esteban/programs/Vivado/2019.2/lib/lnx64.o/libtcl8.5.so(+0x76875) [0x7efe0627b875]
/home/esteban/programs/Vivado/2019.2/lib/lnx64.o/libtcl8.5.so(+0x7e029) [0x7efe06283029]
/home/esteban/programs/Vivado/2019.2/lib/lnx64.o/libtcl8.5.so(TclEvalObjEx+0x76) [0x7efe0623a156]
/home/esteban/programs/Vivado/2019.2/lib/lnx64.o/librdi_commontasks.so(+0x294bf4) [0x7efdfffbdbf4]
/home/esteban/programs/Vivado/2019.2/lib/lnx64.o/libtcl8.5.so(+0x334af) [0x7efe062384af]
/home/esteban/programs/Vivado/2019.2/lib/lnx64.o/libtcl8.5.so(+0x76875) [0x7efe0627b875]
/home/esteban/programs/Vivado/2019.2/lib/lnx64.o/libtcl8.5.so(TclObjInterpProcCore+0x420) [0x7efe062bcdf0]
/home/esteban/programs/Vivado/2019.2/lib/lnx64.o/libtcl8.5.so(+0x334af) [0x7efe062384af]
/home/esteban/programs/Vivado/2019.2/lib/lnx64.o/libtcl8.5.so(Tcl_EvalObjv+0x32) [0x7efe062385e2]
/home/esteban/programs/Vivado/2019.2/lib/lnx64.o/libtcl8.5.so(TclEvalObjEx+0x322) [0x7efe0623a402]
/home/esteban/programs/Vivado/2019.2/lib/lnx64.o/librdi_tcltasks.so(SimUtils::detail::execStep(Tcl_Interp*, std::__cxx11::basic_ostringstream<char, std::char_traits<char>, std::allocator<char> >&, std::__cxx11::basic_string<char, std::char_traits<char>, std::allocator<char> > const&, std::__cxx11::basic_string<char, std::char_traits<char>, std::allocator<char> > const&, std::__cxx11::basic_string<char, std::char_traits<char>, std::allocator<char> >&, bool&)+0x1fe) [0x7efdfce9ffde]
/home/esteban/programs/Vivado/2019.2/lib/lnx64.o/librdi_tcltasks.so(SimUtils::detail::execSimStep(Tcl_Interp*, std::__cxx11::basic_ostringstream<char, std::char_traits<char>, std::allocator<char> >&, HAPUFSimulator*, HAPUFSimulator::TclProc, std::__cxx11::basic_string<char, std::char_traits<char>, std::allocator<char> > const&, bool, HADAFileSet*, std::__cxx11::basic_string<char, std::char_traits<char>, std::allocator<char> > const&, HAPUFSimulator::SimulationStep, bool, HDGUIStatus*)+0x75) [0x7efdfcea02f5]
/home/esteban/programs/Vivado/2019.2/lib/lnx64.o/librdi_tcltasks.so(HTCSimUtils::executeStep(Tcl_Interp*, HADAFileSet*, HADAFileSet*, HAPUFSimulator*, HDGUIStatus*, std::__cxx11::basic_string<char, std::char_traits<char>, std::allocator<char> > const&, std::__cxx11::basic_string<char, std::char_traits<char>, std::allocator<char> > const&, std::__cxx11::basic_string<char, std::char_traits<char>, std::allocator<char> > const&, bool, bool, bool, std::__cxx11::basic_ostringstream<char, std::char_traits<char>, std::allocator<char> >&)+0x4b7) [0x7efdfcea0957]
/home/esteban/programs/Vivado/2019.2/lib/lnx64.o/librdi_tcltasks.so(+0x182d0c6) [0x7efdfce4a0c6]
/home/esteban/programs/Vivado/2019.2/lib/lnx64.o/librdi_common.so(+0x86eca2) [0x7efe0c18fca2]
/home/esteban/programs/Vivado/2019.2/lib/lnx64.o/libtcl8.5.so(+0x334af) [0x7efe062384af]
/home/esteban/programs/Vivado/2019.2/lib/lnx64.o/libtcl8.5.so(+0x76875) [0x7efe0627b875]
/home/esteban/programs/Vivado/2019.2/lib/lnx64.o/libtcl8.5.so(+0x7e029) [0x7efe06283029]
/home/esteban/programs/Vivado/2019.2/lib/lnx64.o/libtcl8.5.so(TclEvalObjEx+0x76) [0x7efe0623a156]
/home/esteban/programs/Vivado/2019.2/lib/lnx64.o/librdi_common.so(+0x86d1b1) [0x7efe0c18e1b1]
/home/esteban/programs/Vivado/2019.2/lib/lnx64.o/libtcl8.5.so(Tcl_ServiceEvent+0x7f) [0x7efe062acb0f]
/home/esteban/programs/Vivado/2019.2/lib/lnx64.o/libtcl8.5.so(Tcl_DoOneEvent+0x154) [0x7efe062ace44]
/home/esteban/programs/Vivado/2019.2/lib/lnx64.o/librdi_commontasks.so(+0x2da555) [0x7efe00003555]
/home/esteban/programs/Vivado/2019.2/lib/lnx64.o/librdi_commontasks.so(+0x2df101) [0x7efe00008101]
/home/esteban/programs/Vivado/2019.2/lib/lnx64.o/librdi_commontasks.so(+0x2e011e) [0x7efe0000911e]
/home/esteban/programs/Vivado/2019.2/lib/lnx64.o/librdi_common.so(+0x86eca2) [0x7efe0c18fca2]
/home/esteban/programs/Vivado/2019.2/lib/lnx64.o/libtcl8.5.so(+0x334af) [0x7efe062384af]
/home/esteban/programs/Vivado/2019.2/lib/lnx64.o/libtcl8.5.so(+0x76875) [0x7efe0627b875]
/home/esteban/programs/Vivado/2019.2/lib/lnx64.o/libtcl8.5.so(+0x7e029) [0x7efe06283029]
/home/esteban/programs/Vivado/2019.2/lib/lnx64.o/libtcl8.5.so(TclEvalObjEx+0x76) [0x7efe0623a156]
/home/esteban/programs/Vivado/2019.2/lib/lnx64.o/librdi_commonmain.so(+0x7af3) [0x7efe0b71aaf3]
/home/esteban/programs/Vivado/2019.2/lib/lnx64.o/libtcl8.5.so(Tcl_Main+0x1d0) [0x7efe062a5210]
/home/esteban/programs/Vivado/2019.2/lib/lnx64.o/librdi_common.so(+0x8b30cb) [0x7efe0c1d40cb]
/lib/x86_64-linux-gnu/libpthread.so.0(+0x76db) [0x7efe0ab666db]
/lib/x86_64-linux-gnu/libc.so.6(clone+0x3f) [0x7efe0ae9fa3f]
